<?xml version="1.0" encoding="UTF-8"?>
<robot generator="Robot 7.2.2 (Python 3.11.9 on win32)" generated="2025-05-13T16:48:00.012333" rpa="false" schemaversion="5">
<suite id="s1" name="Organo" source="C:\Users\devAZ\QA\Robot\Organo">
<suite id="s1-s1" name="Tests" source="C:\Users\devAZ\QA\Robot\Organo\tests">
<suite id="s1-s1-s1" name="Test1" source="C:\Users\devAZ\QA\Robot\Organo\tests\test1.robot">
<test id="s1-s1-s1-t1" name="Verificar se ao preencher corretamente o formulário os dados são inseridos corretamente na lista e se um novo card é criado no time escolhido" line="25">
<kw name="Dado que eu acesse o Organo" owner="setup_teardown" type="SETUP">
<kw name="Open Browser" owner="SeleniumLibrary">
<msg time="2025-05-13T16:48:01.646664" level="INFO">Opening browser 'Chrome' to base url 'http://localhost:3000/'.</msg>
<arg>url=http://localhost:3000/</arg>
<arg>browser=Chrome</arg>
<doc>Opens a new browser instance to the optional ``url``.</doc>
<status status="PASS" start="2025-05-13T16:48:01.646664" elapsed="1.939031"/>
</kw>
<status status="PASS" start="2025-05-13T16:48:01.644666" elapsed="1.941588"/>
</kw>
<kw name="Dado que eu preencha os campos do formulário">
<kw name="First Name" owner="FakerLibrary">
<msg time="2025-05-13T16:48:03.587973" level="INFO">${Nome} = Liz</msg>
<var>${Nome}</var>
<status status="PASS" start="2025-05-13T16:48:03.587365" elapsed="0.000608"/>
</kw>
<kw name="Input Text" owner="SeleniumLibrary">
<msg time="2025-05-13T16:48:03.589759" level="INFO">Typing text 'Liz' into text field 'id:form-nome'.</msg>
<arg>${CAMPO_NOME}</arg>
<arg>${Nome}</arg>
<doc>Types the given ``text`` into the text field identified by ``locator``.</doc>
<status status="PASS" start="2025-05-13T16:48:03.588506" elapsed="0.100060"/>
</kw>
<kw name="Job" owner="FakerLibrary">
<msg time="2025-05-13T16:48:03.689565" level="INFO">${Cargo} = Pediatra</msg>
<var>${Cargo}</var>
<status status="PASS" start="2025-05-13T16:48:03.688566" elapsed="0.000999"/>
</kw>
<kw name="Input Text" owner="SeleniumLibrary">
<msg time="2025-05-13T16:48:03.690566" level="INFO">Typing text 'Pediatra' into text field 'id:form-cargo'.</msg>
<arg>${CAMPO_CARGO}</arg>
<arg>${Cargo}</arg>
<doc>Types the given ``text`` into the text field identified by ``locator``.</doc>
<status status="PASS" start="2025-05-13T16:48:03.689565" elapsed="0.082872"/>
</kw>
<kw name="Image Url" owner="FakerLibrary">
<msg time="2025-05-13T16:48:03.773445" level="INFO">${Imagem} = https://placekitten.com/1014/79</msg>
<var>${Imagem}</var>
<doc>Returns URL to placeholder image
Example: http://placehold.it/640x480</doc>
<status status="PASS" start="2025-05-13T16:48:03.773445" elapsed="0.000000"/>
</kw>
<kw name="Input Text" owner="SeleniumLibrary">
<msg time="2025-05-13T16:48:03.774452" level="INFO">Typing text 'https://placekitten.com/1014/79' into text field 'id:form-imagem'.</msg>
<arg>${CAMPO_IMAGEM}</arg>
<arg>${Imagem}</arg>
<doc>Types the given ``text`` into the text field identified by ``locator``.</doc>
<status status="PASS" start="2025-05-13T16:48:03.774452" elapsed="0.101244"/>
</kw>
<kw name="Click Element" owner="SeleniumLibrary">
<msg time="2025-05-13T16:48:03.876697" level="INFO">Clicking element 'class:lista-suspensa'.</msg>
<arg>${CAMPO_TIME}</arg>
<doc>Click the element identified by ``locator``.</doc>
<status status="PASS" start="2025-05-13T16:48:03.875696" elapsed="0.067647"/>
</kw>
<kw name="Click Element" owner="SeleniumLibrary">
<msg time="2025-05-13T16:48:03.944349" level="INFO">Clicking element '//option[contains(.,'Programação')]'.</msg>
<arg>${selecionar_time}[0]</arg>
<doc>Click the element identified by ``locator``.</doc>
<status status="PASS" start="2025-05-13T16:48:03.943343" elapsed="0.033569"/>
</kw>
<status status="PASS" start="2025-05-13T16:48:03.586817" elapsed="0.390095"/>
</kw>
<kw name="E clique no botão &quot;Criar Card&quot;">
<kw name="Click Element" owner="SeleniumLibrary">
<msg time="2025-05-13T16:48:03.977916" level="INFO">Clicking element 'id:form-botao'.</msg>
<arg>${BOTAO_CARD}</arg>
<doc>Click the element identified by ``locator``.</doc>
<status status="PASS" start="2025-05-13T16:48:03.977916" elapsed="0.063118"/>
</kw>
<status status="PASS" start="2025-05-13T16:48:03.976912" elapsed="0.064122"/>
</kw>
<kw name="Então identificar o card no time esperado">
<kw name="Element Should Be Visible" owner="SeleniumLibrary">
<msg time="2025-05-13T16:48:04.060575" level="INFO">Element 'class:colaborador' is displayed.</msg>
<arg>class:colaborador</arg>
<doc>Verifies that the element identified by ``locator`` is visible.</doc>
<status status="PASS" start="2025-05-13T16:48:04.042540" elapsed="0.018035"/>
</kw>
<status status="PASS" start="2025-05-13T16:48:04.042034" elapsed="0.018541"/>
</kw>
<kw name="Fechar o navegador" owner="setup_teardown" type="TEARDOWN">
<kw name="Close Browser" owner="SeleniumLibrary">
<doc>Closes the current browser.</doc>
<status status="PASS" start="2025-05-13T16:48:04.062082" elapsed="2.160129"/>
</kw>
<status status="PASS" start="2025-05-13T16:48:04.062082" elapsed="2.160129"/>
</kw>
<status status="PASS" start="2025-05-13T16:48:01.643659" elapsed="4.578552"/>
</test>
<status status="PASS" start="2025-05-13T16:48:00.049899" elapsed="6.174324"/>
</suite>
<status status="PASS" start="2025-05-13T16:48:00.046898" elapsed="6.178328"/>
</suite>
<status status="PASS" start="2025-05-13T16:48:00.019349" elapsed="6.206874"/>
</suite>
<statistics>
<total>
<stat pass="1" fail="0" skip="0">All Tests</stat>
</total>
<tag>
</tag>
<suite>
<stat name="Organo" id="s1" pass="1" fail="0" skip="0">Organo</stat>
<stat name="Tests" id="s1-s1" pass="1" fail="0" skip="0">Organo.Tests</stat>
<stat name="Test1" id="s1-s1-s1" pass="1" fail="0" skip="0">Organo.Tests.Test1</stat>
</suite>
</statistics>
<errors>
</errors>
</robot>
